app/build/intermediates/manifest_merge_blame_file/debug/manifest-merger-blame-debug-report.txt
1<?xml version="1.0" encoding="utf-8"?>
2<manifest xmlns:android="http://schemas.android.com/apk/res/android"
3    package="com.example.miniproject"
4    android:versionCode="1"
5    android:versionName="1.0" >
6
7    <uses-sdk
8        android:minSdkVersion="21"
8-->src/main/AndroidManifest.xml
9        android:targetSdkVersion="29" />
9-->src/main/AndroidManifest.xml
10
11    <uses-permission android:name="android.permission.ACCESS_NETWORK_STATE" />
11-->[com.google.firebase:firebase-database:16.0.4] AndroidManifest.xml:22:5-79
11-->[com.google.firebase:firebase-database:16.0.4] AndroidManifest.xml:22:22-76
12    <uses-permission android:name="android.permission.INTERNET" />
12-->[com.google.firebase:firebase-database:16.0.4] AndroidManifest.xml:23:5-67
12-->[com.google.firebase:firebase-database:16.0.4] AndroidManifest.xml:23:22-64
13
14    <application
14-->src/main/AndroidManifest.xml:5:5-29:19
15        android:allowBackup="true"
15-->src/main/AndroidManifest.xml:6:9-35
16        android:appComponentFactory="androidx.core.app.CoreComponentFactory"
16-->[androidx.core:core:1.1.0] AndroidManifest.xml:24:18-86
17        android:debuggable="true"
18        android:icon="@mipmap/ic_launcher"
18-->src/main/AndroidManifest.xml:7:9-43
19        android:label="@string/app_name"
19-->src/main/AndroidManifest.xml:8:9-41
20        android:roundIcon="@mipmap/ic_launcher_round"
20-->src/main/AndroidManifest.xml:9:9-54
21        android:supportsRtl="true"
21-->src/main/AndroidManifest.xml:10:9-35
22        android:testOnly="true"
23        android:theme="@style/AppTheme" >
23-->src/main/AndroidManifest.xml:11:9-40
24        <activity android:name="com.example.miniproject.Leaderboard" />
24-->src/main/AndroidManifest.xml:12:9-58
24-->src/main/AndroidManifest.xml:12:19-46
25        <activity android:name="com.example.miniproject.myaccount" />
25-->src/main/AndroidManifest.xml:13:9-47
25-->src/main/AndroidManifest.xml:13:19-44
26        <activity
26-->src/main/AndroidManifest.xml:14:9-17:59
27            android:name="com.example.miniproject.Navigation1"
27-->src/main/AndroidManifest.xml:15:13-40
28            android:label="@string/title_activity_navigation1"
28-->src/main/AndroidManifest.xml:16:13-63
29            android:theme="@style/AppTheme.NoActionBar" />
29-->src/main/AndroidManifest.xml:17:13-56
30        <activity android:name="com.example.miniproject.Preferences" />
30-->src/main/AndroidManifest.xml:18:9-49
30-->src/main/AndroidManifest.xml:18:19-46
31        <activity android:name="com.example.miniproject.QuestionPage" />
31-->src/main/AndroidManifest.xml:19:9-50
31-->src/main/AndroidManifest.xml:19:19-47
32        <activity android:name="com.example.miniproject.HomeActivity" />
32-->src/main/AndroidManifest.xml:20:9-50
32-->src/main/AndroidManifest.xml:20:19-47
33        <activity android:name="com.example.miniproject.LoginActivity" />
33-->src/main/AndroidManifest.xml:21:9-51
33-->src/main/AndroidManifest.xml:21:19-48
34        <activity android:name="com.example.miniproject.MainActivity" >
34-->src/main/AndroidManifest.xml:22:9-28:20
34-->src/main/AndroidManifest.xml:22:19-47
35            <intent-filter>
35-->src/main/AndroidManifest.xml:23:13-27:29
36                <action android:name="android.intent.action.MAIN" />
36-->src/main/AndroidManifest.xml:24:17-69
36-->src/main/AndroidManifest.xml:24:25-66
37
38                <category android:name="android.intent.category.LAUNCHER" />
38-->src/main/AndroidManifest.xml:26:17-77
38-->src/main/AndroidManifest.xml:26:27-74
39            </intent-filter>
40        </activity>
41        <activity
41-->[com.google.firebase:firebase-auth:16.0.5] AndroidManifest.xml:24:9-31:50
42            android:name="com.google.firebase.auth.internal.FederatedSignInActivity"
42-->[com.google.firebase:firebase-auth:16.0.5] AndroidManifest.xml:25:13-85
43            android:excludeFromRecents="true"
43-->[com.google.firebase:firebase-auth:16.0.5] AndroidManifest.xml:26:13-46
44            android:exported="true"
44-->[com.google.firebase:firebase-auth:16.0.5] AndroidManifest.xml:27:13-36
45            android:launchMode="singleTask"
45-->[com.google.firebase:firebase-auth:16.0.5] AndroidManifest.xml:28:13-44
46            android:permission="com.google.firebase.auth.api.gms.permission.LAUNCH_FEDERATED_SIGN_IN"
46-->[com.google.firebase:firebase-auth:16.0.5] AndroidManifest.xml:29:13-102
47            android:theme="@android:style/Theme.Translucent.NoTitleBar" />
47-->[com.google.firebase:firebase-auth:16.0.5] AndroidManifest.xml:30:13-72
48
49        <service
49-->[com.google.firebase:firebase-auth:16.0.5] AndroidManifest.xml:33:9-39:19
50            android:name="com.google.firebase.components.ComponentDiscoveryService"
50-->[com.google.firebase:firebase-auth:16.0.5] AndroidManifest.xml:34:13-84
51            android:exported="false" >
51-->[com.google.firebase:firebase-auth:16.0.5] AndroidManifest.xml:35:13-37
52            <meta-data
52-->[com.google.firebase:firebase-auth:16.0.5] AndroidManifest.xml:36:13-38:85
53                android:name="com.google.firebase.components:com.google.firebase.auth.FirebaseAuthRegistrar"
53-->[com.google.firebase:firebase-auth:16.0.5] AndroidManifest.xml:37:17-109
54                android:value="com.google.firebase.components.ComponentRegistrar" />
54-->[com.google.firebase:firebase-auth:16.0.5] AndroidManifest.xml:38:17-82
55        </service>
56
57        <activity
57-->[com.google.android.gms:play-services-base:16.0.1] AndroidManifest.xml:23:9-26:75
58            android:name="com.google.android.gms.common.api.GoogleApiActivity"
58-->[com.google.android.gms:play-services-base:16.0.1] AndroidManifest.xml:24:13-79
59            android:exported="false"
59-->[com.google.android.gms:play-services-base:16.0.1] AndroidManifest.xml:25:13-37
60            android:theme="@android:style/Theme.Translucent.NoTitleBar" />
60-->[com.google.android.gms:play-services-base:16.0.1] AndroidManifest.xml:26:13-72
61
62        <provider
62-->[com.google.firebase:firebase-common:16.0.3] AndroidManifest.xml:10:9-14:39
63            android:name="com.google.firebase.provider.FirebaseInitProvider"
63-->[com.google.firebase:firebase-common:16.0.3] AndroidManifest.xml:11:13-77
64            android:authorities="com.example.miniproject.firebaseinitprovider"
64-->[com.google.firebase:firebase-common:16.0.3] AndroidManifest.xml:12:13-72
65            android:exported="false"
65-->[com.google.firebase:firebase-common:16.0.3] AndroidManifest.xml:13:13-37
66            android:initOrder="100" />
66-->[com.google.firebase:firebase-common:16.0.3] AndroidManifest.xml:14:13-36
67
68        <meta-data
68-->[com.google.android.gms:play-services-basement:16.1.0] AndroidManifest.xml:23:9-25:69
69            android:name="com.google.android.gms.version"
69-->[com.google.android.gms:play-services-basement:16.1.0] AndroidManifest.xml:24:13-58
70            android:value="@integer/google_play_services_version" />
70-->[com.google.android.gms:play-services-basement:16.1.0] AndroidManifest.xml:25:13-66
71
72        <provider
72-->[androidx.lifecycle:lifecycle-process:2.1.0] AndroidManifest.xml:23:9-27:43
73            android:name="androidx.lifecycle.ProcessLifecycleOwnerInitializer"
73-->[androidx.lifecycle:lifecycle-process:2.1.0] AndroidManifest.xml:24:13-79
74            android:authorities="com.example.miniproject.lifecycle-process"
74-->[androidx.lifecycle:lifecycle-process:2.1.0] AndroidManifest.xml:25:13-69
75            android:exported="false"
75-->[androidx.lifecycle:lifecycle-process:2.1.0] AndroidManifest.xml:26:13-37
76            android:multiprocess="true" />
76-->[androidx.lifecycle:lifecycle-process:2.1.0] AndroidManifest.xml:27:13-40
77    </application>
78
79</manifest>